# JRE version: Java(TM) SE Runtime Environment (12.0+33) (build 12+33)
# Java VM: Java HotSpot(TM) 64-Bit Server VM (12+33, mixed mode, sharing, tiered, compressed oops, g1 gc, windows-amd64)
Heap:
 garbage-first heap   total 415744K, used 110171K [0x0000000082800000, 0x0000000100000000)
  region size 1024K, 6 young (6144K), 6 survivors (6144K)
 Metaspace       used 38701K, capacity 39385K, committed 39680K, reserved 1083392K
  class space    used 4571K, capacity 4822K, committed 4864K, reserved 1048576K
GC Heap History (10 events):
Event: 88.710 GC heap after
{Heap after GC invocations=47 (full 0):
 garbage-first heap   total 158720K, used 94439K [0x0000000082800000, 0x0000000100000000)
  region size 1024K, 3 young (3072K), 3 survivors (3072K)
 Metaspace       used 38084K, capacity 38809K, committed 39168K, reserved 1083392K
  class space    used 4569K, capacity 4822K, committed 4864K, reserved 1048576K
}
Event: 88.854 GC heap before
{Heap before GC invocations=47 (full 0):
 garbage-first heap   total 158720K, used 115943K [0x0000000082800000, 0x0000000100000000)
  region size 1024K, 24 young (24576K), 3 survivors (3072K)
 Metaspace       used 38307K, capacity 39001K, committed 39168K, reserved 1083392K
  class space    used 4570K, capacity 4822K, committed 4864K, reserved 1048576K
}
Event: 88.877 GC heap after
{Heap after GC invocations=48 (full 0):
 garbage-first heap   total 207872K, used 96001K [0x0000000082800000, 0x0000000100000000)
  region size 1024K, 2 young (2048K), 2 survivors (2048K)
 Metaspace       used 38307K, capacity 39001K, committed 39168K, reserved 1083392K
  class space    used 4570K, capacity 4822K, committed 4864K, reserved 1048576K
}
Event: 89.379 GC heap before
{Heap before GC invocations=49 (full 0):
 garbage-first heap   total 207872K, used 134913K [0x0000000082800000, 0x0000000100000000)
  region size 1024K, 40 young (40960K), 2 survivors (2048K)
 Metaspace       used 38584K, capacity 39321K, committed 39680K, reserved 1083392K
  class space    used 4570K, capacity 4822K, committed 4864K, reserved 1048576K
}
Event: 89.388 GC heap after
{Heap after GC invocations=50 (full 0):
 garbage-first heap   total 207872K, used 100273K [0x0000000082800000, 0x0000000100000000)
  region size 1024K, 5 young (5120K), 5 survivors (5120K)
 Metaspace       used 38584K, capacity 39321K, committed 39680K, reserved 1083392K
  class space    used 4570K, capacity 4822K, committed 4864K, reserved 1048576K
}
Event: 89.523 GC heap before
{Heap before GC invocations=50 (full 0):
 garbage-first heap   total 207872K, used 141233K [0x0000000082800000, 0x0000000100000000)
  region size 1024K, 45 young (46080K), 5 survivors (5120K)
 Metaspace       used 38650K, capacity 39385K, committed 39680K, reserved 1083392K
  class space    used 4570K, capacity 4822K, committed 4864K, reserved 1048576K
}
Event: 89.535 GC heap after
{Heap after GC invocations=51 (full 0):
 garbage-first heap   total 207872K, used 104356K [0x0000000082800000, 0x0000000100000000)
  region size 1024K, 4 young (4096K), 4 survivors (4096K)
 Metaspace       used 38650K, capacity 39385K, committed 39680K, reserved 1083392K
  class space    used 4570K, capacity 4822K, committed 4864K, reserved 1048576K
}
Event: 89.772 GC heap before
{Heap before GC invocations=52 (full 0):
 garbage-first heap   total 207872K, used 146340K [0x0000000082800000, 0x0000000100000000)
  region size 1024K, 45 young (46080K), 4 survivors (4096K)
 Metaspace       used 38695K, capacity 39385K, committed 39680K, reserved 1083392K
  class space    used 4570K, capacity 4822K, committed 4864K, reserved 1048576K
}
Event: 89.778 GC heap after
{Heap after GC invocations=53 (full 0):
 garbage-first heap   total 207872K, used 106613K [0x0000000082800000, 0x0000000100000000)
  region size 1024K, 3 young (3072K), 3 survivors (3072K)
 Metaspace       used 38695K, capacity 39385K, committed 39680K, reserved 1083392K
  class space    used 4570K, capacity 4822K, committed 4864K, reserved 1048576K
}
Event: 89.881 GC heap before
{Heap before GC invocations=53 (full 0):
 garbage-first heap   total 207872K, used 150645K [0x0000000082800000, 0x0000000100000000)
  region size 1024K, 46 young (47104K), 3 survivors (3072K)
 Metaspace       used 38701K, capacity 39385K, committed 39680K, reserved 1083392K
  class space    used 4571K, capacity 4822K, committed 4864K, reserved 1048576K
}

